[2025-05-14T14:12:28.145733] Backup directory is "/Users/sethbell/Library/Caches/iosBackup"
[2025-05-14T14:12:28.262552] Started "com.apple.mobilebackup2" service on port 50579.
[2025-05-14T14:12:28.361139] Negotiated Protocol Version 2.1
[2025-05-14T14:12:28.361271] Reading Info.plist from backup.
[2025-05-14T14:12:28.479695] Starting backup...
[2025-05-14T14:12:28.636893] Enforcing full backup from device.
[2025-05-14T14:12:28.637028] Backup will be unencrypted.
[2025-05-14T14:12:28.637047] Requesting backup from device...
[2025-05-14T14:12:28.637064] Incremental backup mode.
[2025-05-14T14:12:28.742194] *** Waiting for passcode to be entered on the device ***
[2025-05-14T14:13:00.545617] 
[2025-05-14T14:13:00.545852] [==                                                ]   3% Finished
[2025-05-14T14:13:00.549947] Receiving files
[2025-05-14T14:13:00.549990] 
[2025-05-14T14:13:00.551188] [=                                                 ]   0% (173 Bytes/69.5 MB)     
[2025-05-14T14:13:00.551695] [=                                                 ]   0% (8.1 KB/69.5 MB)     
[2025-05-14T14:13:00.552411] [=                                                 ]   0% (8.3 KB/69.5 MB)     
[2025-05-14T14:13:00.567179] [=                                                 ]   0% (8.4 KB/69.5 MB)     
[2025-05-14T14:13:00.567283] [=                                                 ]   0% (73.9 KB/69.5 MB)     
[2025-05-14T14:13:00.743697] [=                                                 ]   0% (74.0 KB/69.5 MB)     
[2025-05-14T14:13:00.749749] [=                                                 ]   0% (336.1 KB/69.5 MB)     
[2025-05-14T14:13:00.755740] [=                                                 ]   1% (598.3 KB/69.5 MB)     
[2025-05-14T14:13:00.763106] [=                                                 ]   1% (860.4 KB/69.5 MB)     
[2025-05-14T14:13:00.768094] [=                                                 ]   2% (1.1 MB/69.5 MB)     
[2025-05-14T14:13:00.781468] [=                                                 ]   2% (1.4 MB/69.5 MB)     
[2025-05-14T14:13:00.781660] [==                                                ]   2% (1.6 MB/69.5 MB)     
[2025-05-14T14:13:00.786499] [==                                                ]   3% (1.9 MB/69.5 MB)     
[2025-05-14T14:13:00.797113] [==                                                ]   3% (2.2 MB/69.5 MB)     
[2025-05-14T14:13:00.798762] [==                                                ]   4% (2.4 MB/69.5 MB)     
[2025-05-14T14:13:00.805722] [==                                                ]   4% (2.7 MB/69.5 MB)     
[2025-05-14T14:13:00.811477] [===                                               ]   4% (3.0 MB/69.5 MB)     
[2025-05-14T14:13:00.817409] [===                                               ]   5% (3.2 MB/69.5 MB)     
[2025-05-14T14:13:00.828913] [===                                               ]   5% (3.5 MB/69.5 MB)     
[2025-05-14T14:13:00.829773] [===                                               ]   5% (3.7 MB/69.5 MB)     
[2025-05-14T14:13:00.835949] [===                                               ]   6% (4.0 MB/69.5 MB)     
[2025-05-14T14:13:00.843430] [====                                              ]   6% (4.3 MB/69.5 MB)     
[2025-05-14T14:13:00.848233] [====                                              ]   7% (4.5 MB/69.5 MB)     
[2025-05-14T14:13:00.854449] [====                                              ]   7% (4.8 MB/69.5 MB)     
[2025-05-14T14:13:00.860679] [====                                              ]   7% (5.1 MB/69.5 MB)     
[2025-05-14T14:13:00.866857] [====                                              ]   8% (5.3 MB/69.5 MB)     
[2025-05-14T14:13:00.876547] [=====                                             ]   8% (5.6 MB/69.5 MB)     
[2025-05-14T14:13:00.879216] [=====                                             ]   8% (5.8 MB/69.5 MB)     
[2025-05-14T14:13:00.885380] [=====                                             ]   9% (6.1 MB/69.5 MB)     
[2025-05-14T14:13:00.895835] [=====                                             ]   9% (6.4 MB/69.5 MB)     
[2025-05-14T14:13:00.897782] [=====                                             ]  10% (6.6 MB/69.5 MB)     
[2025-05-14T14:13:00.903927] [=====                                             ]  10% (6.9 MB/69.5 MB)     
[2025-05-14T14:13:00.910077] [======                                            ]  10% (7.2 MB/69.5 MB)     
[2025-05-14T14:13:00.916228] [======                                            ]  11% (7.4 MB/69.5 MB)     
[2025-05-14T14:13:00.922469] [======                                            ]  11% (7.7 MB/69.5 MB)     
[2025-05-14T14:13:00.928578] [======                                            ]  11% (7.9 MB/69.5 MB)     
[2025-05-14T14:13:00.934720] [======                                            ]  12% (8.2 MB/69.5 MB)     
[2025-05-14T14:13:00.942547] [=======                                           ]  12% (8.5 MB/69.5 MB)     
[2025-05-14T14:13:00.948173] [=======                                           ]  13% (8.7 MB/69.5 MB)     
[2025-05-14T14:13:00.953185] [=======                                           ]  13% (9.0 MB/69.5 MB)     
[2025-05-14T14:13:00.959441] [=======                                           ]  13% (9.2 MB/69.5 MB)     
[2025-05-14T14:13:00.965476] [=======                                           ]  14% (9.5 MB/69.5 MB)     
[2025-05-14T14:13:00.972351] [========                                          ]  14% (9.8 MB/69.5 MB)     
[2025-05-14T14:13:00.978637] [========                                          ]  14% (10.0 MB/69.5 MB)     
[2025-05-14T14:13:00.984859] [========                                          ]  15% (10.3 MB/69.5 MB)     
[2025-05-14T14:13:00.991347] [========                                          ]  15% (10.6 MB/69.5 MB)     
[2025-05-14T14:13:00.997187] [========                                          ]  16% (10.8 MB/69.5 MB)     
[2025-05-14T14:13:01.003370] [========                                          ]  16% (11.1 MB/69.5 MB)     
[2025-05-14T14:13:01.010136] [=========                                         ]  16% (11.3 MB/69.5 MB)     
[2025-05-14T14:13:01.015768] [=========                                         ]  17% (11.6 MB/69.5 MB)     
[2025-05-14T14:13:01.022369] [=========                                         ]  17% (11.9 MB/69.5 MB)     
[2025-05-14T14:13:01.028207] [=========                                         ]  17% (12.1 MB/69.5 MB)     
[2025-05-14T14:13:01.038639] [=========                                         ]  18% (12.4 MB/69.5 MB)     
[2025-05-14T14:13:01.043509] [==========                                        ]  18% (12.7 MB/69.5 MB)     
[2025-05-14T14:13:01.046692] [==========                                        ]  19% (12.9 MB/69.5 MB)     
[2025-05-14T14:13:01.052842] [==========                                        ]  19% (13.2 MB/69.5 MB)     
[2025-05-14T14:13:01.058977] [==========                                        ]  19% (13.4 MB/69.5 MB)     
[2025-05-14T14:13:01.065138] [==========                                        ]  20% (13.7 MB/69.5 MB)     
[2025-05-14T14:13:01.071366] [===========                                       ]  20% (14.0 MB/69.5 MB)     
[2025-05-14T14:13:01.077558] [===========                                       ]  20% (14.2 MB/69.5 MB)     
[2025-05-14T14:13:01.083652] [===========                                       ]  21% (14.5 MB/69.5 MB)     
[2025-05-14T14:13:01.090547] [===========                                       ]  21% (14.8 MB/69.5 MB)     
[2025-05-14T14:13:01.096053] [===========                                       ]  22% (15.0 MB/69.5 MB)     
[2025-05-14T14:13:01.102213] [===========                                       ]  22% (15.3 MB/69.5 MB)     
[2025-05-14T14:13:01.109844] [============                                      ]  22% (15.5 MB/69.5 MB)     
[2025-05-14T14:13:01.115180] [============                                      ]  23% (15.8 MB/69.5 MB)     
[2025-05-14T14:13:01.121391] [============                                      ]  23% (16.1 MB/69.5 MB)     
[2025-05-14T14:13:01.127753] [============                                      ]  23% (16.3 MB/69.5 MB)     
[2025-05-14T14:13:01.133726] [============                                      ]  24% (16.6 MB/69.5 MB)     
[2025-05-14T14:13:01.141242] [=============                                     ]  24% (16.9 MB/69.5 MB)     
[2025-05-14T14:13:01.146159] [=============                                     ]  25% (17.1 MB/69.5 MB)     
[2025-05-14T14:13:01.152336] [=============                                     ]  25% (17.4 MB/69.5 MB)     
[2025-05-14T14:13:01.158474] [=============                                     ]  25% (17.6 MB/69.5 MB)     
[2025-05-14T14:13:01.164665] [=============                                     ]  26% (17.9 MB/69.5 MB)     
[2025-05-14T14:13:01.170854] [==============                                    ]  26% (18.2 MB/69.5 MB)     
[2025-05-14T14:13:01.174330] [==============                                    ]  27% (18.4 MB/69.5 MB)     
[2025-05-14T14:13:01.180142] [==============                                    ]  27% (18.5 MB/69.5 MB)     
[2025-05-14T14:13:01.186301] [==============                                    ]  27% (18.8 MB/69.5 MB)     
[2025-05-14T14:13:01.187427] [==============                                    ]  27% (19.1 MB/69.5 MB)     
[2025-05-14T14:13:01.187633] [==============                                    ]  28% (19.1 MB/69.5 MB)     
[2025-05-14T14:13:01.187780] [==============                                    ]  28% (19.1 MB/69.5 MB)     
[2025-05-14T14:13:01.187904] [==============                                    ]  28% (19.1 MB/69.5 MB)     
[2025-05-14T14:13:01.198993] [==============                                    ]  28% (19.1 MB/69.5 MB)     
[2025-05-14T14:13:01.205640] [==============                                    ]  28% (19.4 MB/69.5 MB)     
[2025-05-14T14:13:01.205687] [===============                                   ]  28% (19.7 MB/69.5 MB)     
[2025-05-14T14:13:01.207628] [===============                                   ]  28% (19.7 MB/69.5 MB)     
[2025-05-14T14:13:01.207669] [===============                                   ]  28% (19.7 MB/69.5 MB)     
[2025-05-14T14:13:01.207682] [===============                                   ]  28% (19.7 MB/69.5 MB)     
[2025-05-14T14:13:01.207693] [===============                                   ]  28% (19.7 MB/69.5 MB)     
[2025-05-14T14:13:01.207703] [===============                                   ]  28% (19.7 MB/69.5 MB)     
[2025-05-14T14:13:01.207713] [===============                                   ]  28% (19.7 MB/69.5 MB)     
[2025-05-14T14:13:01.207723] [===============                                   ]  28% (19.7 MB/69.5 MB)     
[2025-05-14T14:13:01.207733] [===============                                   ]  28% (19.7 MB/69.5 MB)     
[2025-05-14T14:13:01.208654] [===============                                   ]  28% (19.7 MB/69.5 MB)     
[2025-05-14T14:13:01.210662] [===============                                   ]  28% (19.7 MB/69.5 MB)     
[2025-05-14T14:13:01.224351] [===============                                   ]  28% (19.8 MB/69.5 MB)     
[2025-05-14T14:13:01.225531] [===============                                   ]  28% (19.8 MB/69.5 MB)     
[2025-05-14T14:13:01.226562] [===============                                   ]  28% (19.8 MB/69.5 MB)     
[2025-05-14T14:13:01.227480] [===============                                   ]  28% (19.8 MB/69.5 MB)     
[2025-05-14T14:13:01.228453] [===============                                   ]  28% (19.8 MB/69.5 MB)     
[2025-05-14T14:13:01.230144] [===============                                   ]  28% (19.8 MB/69.5 MB)     
[2025-05-14T14:13:01.230358] [===============                                   ]  29% (19.8 MB/69.5 MB)     
[2025-05-14T14:13:01.231479] [===============                                   ]  29% (19.8 MB/69.5 MB)     
[2025-05-14T14:13:01.231970] [===============                                   ]  29% (19.8 MB/69.5 MB)     
[2025-05-14T14:13:01.247149] [===============                                   ]  29% (19.8 MB/69.5 MB)     
[2025-05-14T14:13:01.247535] [===============                                   ]  29% (19.9 MB/69.5 MB)     
[2025-05-14T14:13:01.252390] [===============                                   ]  29% (19.9 MB/69.5 MB)     
[2025-05-14T14:13:01.252521] [===============                                   ]  29% (20.1 MB/69.5 MB)     
[2025-05-14T14:13:01.268060] [===============                                   ]  29% (20.1 MB/69.5 MB)     
[2025-05-14T14:13:01.268520] [===============                                   ]  29% (20.1 MB/69.5 MB)     
[2025-05-14T14:13:01.269300] [===============                                   ]  29% (20.1 MB/69.5 MB)     
[2025-05-14T14:13:01.274248] [===============                                   ]  29% (20.1 MB/69.5 MB)     
[2025-05-14T14:13:01.275293] [===============                                   ]  29% (20.1 MB/69.5 MB)     
[2025-05-14T14:13:01.276094] [===============                                   ]  29% (20.1 MB/69.5 MB)     
[2025-05-14T14:13:01.287020] [===============                                   ]  29% (20.1 MB/69.5 MB)     
[2025-05-14T14:13:01.287634] [===============                                   ]  29% (20.2 MB/69.5 MB)     
[2025-05-14T14:13:01.295730] [===============                                   ]  29% (20.2 MB/69.5 MB)     
[2025-05-14T14:13:01.296471] [===============                                   ]  29% (20.2 MB/69.5 MB)     
[2025-05-14T14:13:01.300450] [===============                                   ]  29% (20.2 MB/69.5 MB)     
[2025-05-14T14:13:01.301551] [===============                                   ]  29% (20.2 MB/69.5 MB)     
[2025-05-14T14:13:01.302318] [===============                                   ]  29% (20.2 MB/69.5 MB)     
[2025-05-14T14:13:01.303674] [===============                                   ]  29% (20.2 MB/69.5 MB)     
[2025-05-14T14:13:01.308499] [===============                                   ]  29% (20.2 MB/69.5 MB)     
[2025-05-14T14:13:01.309230] [===============                                   ]  29% (20.2 MB/69.5 MB)     
[2025-05-14T14:13:01.314002] [===============                                   ]  29% (20.2 MB/69.5 MB)     
[2025-05-14T14:13:01.314985] [===============                                   ]  29% (20.3 MB/69.5 MB)     
[2025-05-14T14:13:01.315737] [===============                                   ]  29% (20.3 MB/69.5 MB)     
[2025-05-14T14:13:01.316424] [===============                                   ]  29% (20.3 MB/69.5 MB)     
[2025-05-14T14:13:01.317080] [===============                                   ]  29% (20.3 MB/69.5 MB)     
[2025-05-14T14:13:01.317591] [===============                                   ]  29% (20.3 MB/69.5 MB)     
[2025-05-14T14:13:01.318268] [===============                                   ]  29% (20.3 MB/69.5 MB)     
[2025-05-14T14:13:01.319087] [===============                                   ]  29% (20.3 MB/69.5 MB)     
[2025-05-14T14:13:01.319642] [===============                                   ]  29% (20.3 MB/69.5 MB)     
[2025-05-14T14:13:01.345227] [===============                                   ]  29% (20.3 MB/69.5 MB)     
[2025-05-14T14:13:01.345359] [===============                                   ]  30% (20.5 MB/69.5 MB)     
[2025-05-14T14:13:01.345446] [===============                                   ]  30% (20.6 MB/69.5 MB)     
[2025-05-14T14:13:01.346592] [===============                                   ]  30% (20.6 MB/69.5 MB)     
[2025-05-14T14:13:01.346846] [===============                                   ]  30% (20.6 MB/69.5 MB)     
[2025-05-14T14:13:01.347191] [===============                                   ]  30% (20.6 MB/69.5 MB)     
[2025-05-14T14:13:01.347520] [===============                                   ]  30% (20.6 MB/69.5 MB)     
[2025-05-14T14:13:01.347702] [===============                                   ]  30% (20.7 MB/69.5 MB)     
[2025-05-14T14:13:01.347944] [===============                                   ]  30% (20.7 MB/69.5 MB)     
[2025-05-14T14:13:01.348131] [===============                                   ]  30% (20.7 MB/69.5 MB)     
[2025-05-14T14:13:01.348317] [===============                                   ]  30% (20.7 MB/69.5 MB)     
[2025-05-14T14:13:01.348511] [===============                                   ]  30% (20.7 MB/69.5 MB)     
[2025-05-14T14:13:01.348766] [===============                                   ]  30% (20.7 MB/69.5 MB)     
[2025-05-14T14:13:01.348990] [===============                                   ]  30% (20.7 MB/69.5 MB)     
[2025-05-14T14:13:01.349314] [===============                                   ]  30% (20.7 MB/69.5 MB)     
[2025-05-14T14:13:01.349638] [===============                                   ]  30% (20.7 MB/69.5 MB)     
[2025-05-14T14:13:01.349859] [===============                                   ]  30% (20.7 MB/69.5 MB)     
[2025-05-14T14:13:01.350159] [===============                                   ]  30% (20.7 MB/69.5 MB)     
[2025-05-14T14:13:01.352666] [===============                                   ]  30% (20.7 MB/69.5 MB)     
[2025-05-14T14:13:01.353013] [===============                                   ]  30% (20.8 MB/69.5 MB)     
[2025-05-14T14:13:01.353210] [===============                                   ]  30% (20.8 MB/69.5 MB)     
[2025-05-14T14:13:01.353451] [===============                                   ]  30% (20.8 MB/69.5 MB)     
[2025-05-14T14:13:01.353827] [===============                                   ]  30% (20.8 MB/69.5 MB)     
[2025-05-14T14:13:01.354010] [===============                                   ]  30% (20.8 MB/69.5 MB)     
[2025-05-14T14:13:01.354211] [===============                                   ]  30% (20.8 MB/69.5 MB)     
[2025-05-14T14:13:01.354433] [===============                                   ]  30% (20.8 MB/69.5 MB)     
[2025-05-14T14:13:01.360345] [===============                                   ]  30% (20.8 MB/69.5 MB)     
[2025-05-14T14:13:01.360476] [================                                  ]  30% (21.0 MB/69.5 MB)     
[2025-05-14T14:13:01.360842] [================                                  ]  30% (21.0 MB/69.5 MB)     
[2025-05-14T14:13:01.361148] [================                                  ]  30% (21.0 MB/69.5 MB)     
[2025-05-14T14:13:01.361382] [================                                  ]  30% (21.0 MB/69.5 MB)     
[2025-05-14T14:13:01.361574] [================                                  ]  30% (21.0 MB/69.5 MB)     
[2025-05-14T14:13:01.361781] [================                                  ]  30% (21.0 MB/69.5 MB)     
[2025-05-14T14:13:01.361957] [================                                  ]  30% (21.0 MB/69.5 MB)     
[2025-05-14T14:13:01.362237] [================                                  ]  30% (21.0 MB/69.5 MB)     
[2025-05-14T14:13:01.362468] [================                                  ]  30% (21.1 MB/69.5 MB)     
[2025-05-14T14:13:01.363218] [================                                  ]  30% (21.1 MB/69.5 MB)     
[2025-05-14T14:13:01.363905] [================                                  ]  30% (21.1 MB/69.5 MB)     
[2025-05-14T14:13:01.364615] [================                                  ]  30% (21.1 MB/69.5 MB)     
[2025-05-14T14:13:01.370183] [================                                  ]  30% (21.1 MB/69.5 MB)     
[2025-05-14T14:13:01.379127] [================                                  ]  30% (21.1 MB/69.5 MB)     
[2025-05-14T14:13:01.379261] [================                                  ]  30% (21.2 MB/69.5 MB)     
[2025-05-14T14:13:01.383624] [================                                  ]  30% (21.2 MB/69.5 MB)     
[2025-05-14T14:13:01.383830] [================                                  ]  31% (21.2 MB/69.5 MB)     
[2025-05-14T14:13:01.384568] [================                                  ]  31% (21.2 MB/69.5 MB)     
[2025-05-14T14:13:01.385108] [================                                  ]  31% (21.2 MB/69.5 MB)     
[2025-05-14T14:13:01.386398] [================                                  ]  31% (21.2 MB/69.5 MB)     
[2025-05-14T14:13:01.387442] [================                                  ]  31% (21.2 MB/69.5 MB)     
[2025-05-14T14:13:01.387978] [================                                  ]  31% (21.2 MB/69.5 MB)     
[2025-05-14T14:13:01.388551] [================                                  ]  31% (21.2 MB/69.5 MB)     
[2025-05-14T14:13:01.401419] [================                                  ]  31% (21.2 MB/69.5 MB)     
[2025-05-14T14:13:01.402132] [================                                  ]  31% (21.3 MB/69.5 MB)     
[2025-05-14T14:13:01.402349] [================                                  ]  31% (21.3 MB/69.5 MB)     
[2025-05-14T14:13:01.760011] [================                                  ]  31% (21.3 MB/69.5 MB)     
[2025-05-14T14:13:01.765812] [================                                  ]  31% (21.5 MB/69.5 MB)     
[2025-05-14T14:13:01.773061] [================                                  ]  31% (21.8 MB/69.5 MB)     
[2025-05-14T14:13:01.782610] [================                                  ]  32% (22.0 MB/69.5 MB)     
[2025-05-14T14:13:01.797048] [=================                                 ]  32% (22.3 MB/69.5 MB)     
[2025-05-14T14:13:01.797173] [=================                                 ]  32% (22.6 MB/69.5 MB)     
[2025-05-14T14:13:01.802544] [=================                                 ]  33% (22.8 MB/69.5 MB)     
[2025-05-14T14:13:01.811858] [=================                                 ]  33% (23.1 MB/69.5 MB)     
[2025-05-14T14:13:01.816658] [=================                                 ]  34% (23.4 MB/69.5 MB)     
[2025-05-14T14:13:01.822630] [=================                                 ]  34% (23.6 MB/69.5 MB)     
[2025-05-14T14:13:01.827342] [==================                                ]  34% (23.9 MB/69.5 MB)     
[2025-05-14T14:13:01.834822] [==================                                ]  35% (24.1 MB/69.5 MB)     
[2025-05-14T14:13:01.839607] [==================                                ]  35% (24.4 MB/69.5 MB)     
[2025-05-14T14:13:01.845979] [==================                                ]  35% (24.7 MB/69.5 MB)     
[2025-05-14T14:13:01.860859] [==================                                ]  36% (24.9 MB/69.5 MB)     
[2025-05-14T14:13:01.863930] [===================                               ]  36% (25.2 MB/69.5 MB)     
[2025-05-14T14:13:01.867642] [===================                               ]  37% (25.5 MB/69.5 MB)     
[2025-05-14T14:13:01.873840] [===================                               ]  37% (25.7 MB/69.5 MB)     
[2025-05-14T14:13:01.880021] [===================                               ]  37% (26.0 MB/69.5 MB)     
[2025-05-14T14:13:01.886394] [===================                               ]  38% (26.2 MB/69.5 MB)     
[2025-05-14T14:13:01.892379] [====================                              ]  38% (26.5 MB/69.5 MB)     
[2025-05-14T14:13:01.898532] [====================                              ]  39% (26.8 MB/69.5 MB)     
[2025-05-14T14:13:01.904700] [====================                              ]  39% (27.0 MB/69.5 MB)     
[2025-05-14T14:13:01.910758] [====================                              ]  39% (27.3 MB/69.5 MB)     
[2025-05-14T14:13:01.917145] [====================                              ]  40% (27.6 MB/69.5 MB)     
[2025-05-14T14:13:01.923187] [=====================                             ]  40% (27.8 MB/69.5 MB)     
[2025-05-14T14:13:01.929355] [=====================                             ]  40% (28.1 MB/69.5 MB)     
[2025-05-14T14:13:01.935515] [=====================                             ]  41% (28.3 MB/69.5 MB)     
[2025-05-14T14:13:01.941751] [=====================                             ]  41% (28.6 MB/69.5 MB)     
[2025-05-14T14:13:01.948667] [=====================                             ]  42% (28.9 MB/69.5 MB)     
[2025-05-14T14:13:01.954784] [=====================                             ]  42% (29.1 MB/69.5 MB)     
[2025-05-14T14:13:01.960944] [======================                            ]  42% (29.4 MB/69.5 MB)     
[2025-05-14T14:13:01.967152] [======================                            ]  43% (29.6 MB/69.5 MB)     
[2025-05-14T14:13:01.973631] [======================                            ]  43% (29.9 MB/69.5 MB)     
[2025-05-14T14:13:01.979524] [======================                            ]  43% (30.2 MB/69.5 MB)     
[2025-05-14T14:13:01.985661] [======================                            ]  44% (30.4 MB/69.5 MB)     
[2025-05-14T14:13:01.991889] [=======================                           ]  44% (30.7 MB/69.5 MB)     
[2025-05-14T14:13:01.998164] [=======================                           ]  45% (31.0 MB/69.5 MB)     
[2025-05-14T14:13:02.004219] [=======================                           ]  45% (31.2 MB/69.5 MB)     
[2025-05-14T14:13:02.010408] [=======================                           ]  45% (31.5 MB/69.5 MB)     
[2025-05-14T14:13:02.016737] [=======================                           ]  46% (31.7 MB/69.5 MB)     
[2025-05-14T14:13:02.023073] [========================                          ]  46% (32.0 MB/69.5 MB)     
[2025-05-14T14:13:02.029017] [========================                          ]  46% (32.3 MB/69.5 MB)     
[2025-05-14T14:13:02.038270] [========================                          ]  47% (32.5 MB/69.5 MB)     
[2025-05-14T14:13:02.044498] [========================                          ]  47% (32.8 MB/69.5 MB)     
[2025-05-14T14:13:02.050687] [========================                          ]  48% (33.1 MB/69.5 MB)     
[2025-05-14T14:13:02.056847] [========================                          ]  48% (33.3 MB/69.5 MB)     
[2025-05-14T14:13:02.063138] [=========================                         ]  48% (33.6 MB/69.5 MB)     
[2025-05-14T14:13:02.069289] [=========================                         ]  49% (33.8 MB/69.5 MB)     
[2025-05-14T14:13:02.075463] [=========================                         ]  49% (34.1 MB/69.5 MB)     
[2025-05-14T14:13:02.081609] [=========================                         ]  49% (34.4 MB/69.5 MB)     
[2025-05-14T14:13:02.087778] [=========================                         ]  50% (34.6 MB/69.5 MB)     
[2025-05-14T14:13:02.093913] [==========================                        ]  50% (34.9 MB/69.5 MB)     
[2025-05-14T14:13:02.100153] [==========================                        ]  51% (35.2 MB/69.5 MB)     
[2025-05-14T14:13:02.106310] [==========================                        ]  51% (35.4 MB/69.5 MB)     
[2025-05-14T14:13:02.112477] [==========================                        ]  51% (35.7 MB/69.5 MB)     
[2025-05-14T14:13:02.118649] [==========================                        ]  52% (35.9 MB/69.5 MB)     
[2025-05-14T14:13:02.124812] [===========================                       ]  52% (36.2 MB/69.5 MB)     
[2025-05-14T14:13:02.131009] [===========================                       ]  52% (36.5 MB/69.5 MB)     
[2025-05-14T14:13:02.137149] [===========================                       ]  53% (36.7 MB/69.5 MB)     
[2025-05-14T14:13:02.143360] [===========================                       ]  53% (37.0 MB/69.5 MB)     
[2025-05-14T14:13:02.149520] [===========================                       ]  54% (37.3 MB/69.5 MB)     
[2025-05-14T14:13:02.155639] [===========================                       ]  54% (37.5 MB/69.5 MB)     
[2025-05-14T14:13:02.161897] [============================                      ]  54% (37.8 MB/69.5 MB)     
[2025-05-14T14:13:02.168071] [============================                      ]  55% (38.0 MB/69.5 MB)     
[2025-05-14T14:13:02.174560] [============================                      ]  55% (38.3 MB/69.5 MB)     
[2025-05-14T14:13:02.180450] [============================                      ]  55% (38.6 MB/69.5 MB)     
[2025-05-14T14:13:02.187336] [============================                      ]  56% (38.8 MB/69.5 MB)     
[2025-05-14T14:13:02.193522] [=============================                     ]  56% (39.1 MB/69.5 MB)     
[2025-05-14T14:13:02.199726] [=============================                     ]  57% (39.3 MB/69.5 MB)     
[2025-05-14T14:13:02.206317] [=============================                     ]  57% (39.6 MB/69.5 MB)     
[2025-05-14T14:13:02.213223] [=============================                     ]  57% (39.9 MB/69.5 MB)     
[2025-05-14T14:13:02.219380] [=============================                     ]  58% (40.1 MB/69.5 MB)     
[2025-05-14T14:13:02.225572] [==============================                    ]  58% (40.4 MB/69.5 MB)     
[2025-05-14T14:13:02.231773] [==============================                    ]  59% (40.7 MB/69.5 MB)     
[2025-05-14T14:13:02.237945] [==============================                    ]  59% (40.9 MB/69.5 MB)     
[2025-05-14T14:13:02.244124] [==============================                    ]  59% (41.2 MB/69.5 MB)     
[2025-05-14T14:13:02.250313] [==============================                    ]  60% (41.4 MB/69.5 MB)     
[2025-05-14T14:13:02.256424] [===============================                   ]  60% (41.7 MB/69.5 MB)     
[2025-05-14T14:13:02.262687] [===============================                   ]  60% (42.0 MB/69.5 MB)     
[2025-05-14T14:13:02.268842] [===============================                   ]  61% (42.2 MB/69.5 MB)     
[2025-05-14T14:13:02.275016] [===============================                   ]  61% (42.5 MB/69.5 MB)     
[2025-05-14T14:13:02.281187] [===============================                   ]  62% (42.8 MB/69.5 MB)     
[2025-05-14T14:13:02.287382] [===============================                   ]  62% (43.0 MB/69.5 MB)     
[2025-05-14T14:13:02.293540] [================================                  ]  62% (43.3 MB/69.5 MB)     
[2025-05-14T14:13:02.299811] [================================                  ]  63% (43.5 MB/69.5 MB)     
[2025-05-14T14:13:02.305861] [================================                  ]  63% (43.8 MB/69.5 MB)     
[2025-05-14T14:13:02.312139] [================================                  ]  63% (44.1 MB/69.5 MB)     
[2025-05-14T14:13:02.318285] [================================                  ]  64% (44.3 MB/69.5 MB)     
[2025-05-14T14:13:02.324485] [=================================                 ]  64% (44.6 MB/69.5 MB)     
[2025-05-14T14:13:02.330651] [=================================                 ]  65% (44.9 MB/69.5 MB)     
[2025-05-14T14:13:02.336859] [=================================                 ]  65% (45.1 MB/69.5 MB)     
[2025-05-14T14:13:02.343040] [=================================                 ]  65% (45.4 MB/69.5 MB)     
[2025-05-14T14:13:02.349195] [=================================                 ]  66% (45.6 MB/69.5 MB)     
[2025-05-14T14:13:02.355415] [==================================                ]  66% (45.9 MB/69.5 MB)     
[2025-05-14T14:13:02.361573] [==================================                ]  66% (46.2 MB/69.5 MB)     
[2025-05-14T14:13:02.367772] [==================================                ]  67% (46.4 MB/69.5 MB)     
[2025-05-14T14:13:02.373957] [==================================                ]  67% (46.7 MB/69.5 MB)     
[2025-05-14T14:13:02.380117] [==================================                ]  68% (47.0 MB/69.5 MB)     
[2025-05-14T14:13:02.386301] [==================================                ]  68% (47.2 MB/69.5 MB)     
[2025-05-14T14:13:02.392486] [===================================               ]  68% (47.5 MB/69.5 MB)     
[2025-05-14T14:13:02.398698] [===================================               ]  69% (47.7 MB/69.5 MB)     
[2025-05-14T14:13:02.405038] [===================================               ]  69% (48.0 MB/69.5 MB)     
[2025-05-14T14:13:02.411211] [===================================               ]  69% (48.3 MB/69.5 MB)     
[2025-05-14T14:13:02.417500] [===================================               ]  70% (48.5 MB/69.5 MB)     
[2025-05-14T14:13:02.423437] [====================================              ]  70% (48.8 MB/69.5 MB)     
[2025-05-14T14:13:02.430508] [====================================              ]  71% (49.0 MB/69.5 MB)     
[2025-05-14T14:13:02.436758] [====================================              ]  71% (49.3 MB/69.5 MB)     
[2025-05-14T14:13:02.442729] [====================================              ]  71% (49.6 MB/69.5 MB)     
[2025-05-14T14:13:02.448828] [====================================              ]  72% (49.8 MB/69.5 MB)     
[2025-05-14T14:13:02.455003] [=====================================             ]  72% (50.1 MB/69.5 MB)     
[2025-05-14T14:13:02.461230] [=====================================             ]  72% (50.4 MB/69.5 MB)     
[2025-05-14T14:13:02.467327] [=====================================             ]  73% (50.6 MB/69.5 MB)     
[2025-05-14T14:13:02.473587] [=====================================             ]  73% (50.9 MB/69.5 MB)     
[2025-05-14T14:13:02.489741] [=====================================             ]  74% (51.1 MB/69.5 MB)     
[2025-05-14T14:13:02.490124] [=====================================             ]  74% (51.4 MB/69.5 MB)     
[2025-05-14T14:13:02.492042] [======================================            ]  74% (51.7 MB/69.5 MB)     
[2025-05-14T14:13:02.498157] [======================================            ]  75% (51.9 MB/69.5 MB)     
[2025-05-14T14:13:02.504357] [======================================            ]  75% (52.2 MB/69.5 MB)     
[2025-05-14T14:13:02.510555] [======================================            ]  75% (52.5 MB/69.5 MB)     
[2025-05-14T14:13:02.516739] [======================================            ]  76% (52.7 MB/69.5 MB)     
[2025-05-14T14:13:02.522888] [=======================================           ]  76% (53.0 MB/69.5 MB)     
[2025-05-14T14:13:02.529075] [=======================================           ]  77% (53.2 MB/69.5 MB)     
[2025-05-14T14:13:02.535229] [=======================================           ]  77% (53.5 MB/69.5 MB)     
[2025-05-14T14:13:02.541883] [=======================================           ]  77% (53.8 MB/69.5 MB)     
[2025-05-14T14:13:02.547630] [=======================================           ]  78% (54.0 MB/69.5 MB)     
[2025-05-14T14:13:02.553813] [========================================          ]  78% (54.3 MB/69.5 MB)     
[2025-05-14T14:13:02.560038] [========================================          ]  79% (54.6 MB/69.5 MB)     
[2025-05-14T14:13:02.566127] [========================================          ]  79% (54.8 MB/69.5 MB)     
[2025-05-14T14:13:02.572342] [========================================          ]  79% (55.1 MB/69.5 MB)     
[2025-05-14T14:13:02.578505] [========================================          ]  80% (55.3 MB/69.5 MB)     
[2025-05-14T14:13:02.584668] [=========================================         ]  80% (55.6 MB/69.5 MB)     
[2025-05-14T14:13:02.590868] [=========================================         ]  80% (55.9 MB/69.5 MB)     
[2025-05-14T14:13:02.597057] [=========================================         ]  81% (56.1 MB/69.5 MB)     
[2025-05-14T14:13:02.603259] [=========================================         ]  81% (56.4 MB/69.5 MB)     
[2025-05-14T14:13:02.609445] [=========================================         ]  82% (56.6 MB/69.5 MB)     
[2025-05-14T14:13:02.615590] [=========================================         ]  82% (56.9 MB/69.5 MB)     
[2025-05-14T14:13:02.621925] [==========================================        ]  82% (57.2 MB/69.5 MB)     
[2025-05-14T14:13:02.628137] [==========================================        ]  83% (57.4 MB/69.5 MB)     
[2025-05-14T14:13:02.634274] [==========================================        ]  83% (57.7 MB/69.5 MB)     
[2025-05-14T14:13:02.640393] [==========================================        ]  83% (58.0 MB/69.5 MB)     
[2025-05-14T14:13:02.646544] [==========================================        ]  84% (58.2 MB/69.5 MB)     
[2025-05-14T14:13:02.653150] [===========================================       ]  84% (58.5 MB/69.5 MB)     
[2025-05-14T14:13:02.659089] [===========================================       ]  85% (58.7 MB/69.5 MB)     
[2025-05-14T14:13:02.665293] [===========================================       ]  85% (59.0 MB/69.5 MB)     
[2025-05-14T14:13:02.672190] [===========================================       ]  85% (59.3 MB/69.5 MB)     
[2025-05-14T14:13:02.678336] [===========================================       ]  86% (59.5 MB/69.5 MB)     
[2025-05-14T14:13:02.684701] [============================================      ]  86% (59.8 MB/69.5 MB)     
[2025-05-14T14:13:02.690822] [============================================      ]  86% (60.1 MB/69.5 MB)     
[2025-05-14T14:13:02.697034] [============================================      ]  87% (60.3 MB/69.5 MB)     
[2025-05-14T14:13:02.703360] [============================================      ]  87% (60.6 MB/69.5 MB)     
[2025-05-14T14:13:02.709448] [============================================      ]  88% (60.8 MB/69.5 MB)     
[2025-05-14T14:13:02.715810] [============================================      ]  88% (61.1 MB/69.5 MB)     
[2025-05-14T14:13:02.721953] [=============================================     ]  88% (61.4 MB/69.5 MB)     
[2025-05-14T14:13:02.728048] [=============================================     ]  89% (61.6 MB/69.5 MB)     
[2025-05-14T14:13:02.734311] [=============================================     ]  89% (61.9 MB/69.5 MB)     
[2025-05-14T14:13:02.740216] [=============================================     ]  89% (62.2 MB/69.5 MB)     
[2025-05-14T14:13:02.746442] [=============================================     ]  90% (62.4 MB/69.5 MB)     
[2025-05-14T14:13:02.752681] [==============================================    ]  90% (62.7 MB/69.5 MB)     
[2025-05-14T14:13:02.758963] [==============================================    ]  91% (62.9 MB/69.5 MB)     
[2025-05-14T14:13:02.764918] [==============================================    ]  91% (63.2 MB/69.5 MB)     
[2025-05-14T14:13:02.771211] [==============================================    ]  91% (63.5 MB/69.5 MB)     
[2025-05-14T14:13:02.777128] [==============================================    ]  92% (63.7 MB/69.5 MB)     
[2025-05-14T14:13:02.783168] [===============================================   ]  92% (64.0 MB/69.5 MB)     
[2025-05-14T14:13:02.789386] [===============================================   ]  92% (64.3 MB/69.5 MB)     
[2025-05-14T14:13:02.796483] [===============================================   ]  93% (64.5 MB/69.5 MB)     
[2025-05-14T14:13:02.802660] [===============================================   ]  93% (64.8 MB/69.5 MB)     
[2025-05-14T14:13:02.808851] [===============================================   ]  94% (65.0 MB/69.5 MB)     
[2025-05-14T14:13:02.815101] [===============================================   ]  94% (65.3 MB/69.5 MB)     
[2025-05-14T14:13:02.823424] [================================================  ]  94% (65.6 MB/69.5 MB)     
[2025-05-14T14:13:02.829328] [================================================  ]  95% (65.8 MB/69.5 MB)     
[2025-05-14T14:13:02.830822] [================================================  ]  95% (66.1 MB/69.5 MB)     
[2025-05-14T14:13:02.831496] [================================================  ]  95% (66.1 MB/69.5 MB)     
[2025-05-14T14:13:02.833131] [================================================  ]  95% (66.1 MB/69.5 MB)     
[2025-05-14T14:13:02.848091] [================================================  ]  95% (66.3 MB/69.5 MB)     
[2025-05-14T14:13:02.848504] [================================================  ]  95% (66.3 MB/69.5 MB)     
[2025-05-14T14:13:02.853969] [================================================  ]  95% (66.3 MB/69.5 MB)     
[2025-05-14T14:13:02.854755] [================================================  ]  96% (66.4 MB/69.5 MB)     
[2025-05-14T14:13:02.855283] [================================================  ]  96% (66.4 MB/69.5 MB)     
[2025-05-14T14:13:02.855626] [================================================  ]  96% (66.4 MB/69.5 MB)     
[2025-05-14T14:13:02.855638] [====                                              ]   8% Finished
[2025-05-14T14:13:02.860042] Receiving files
[2025-05-14T14:13:38.285631] 
[2025-05-14T14:13:38.290251] [=                                                 ]   0% (112 Bytes/10.4 MB)     
[2025-05-14T14:13:38.290936] [=                                                 ]   0% (1.6 KB/10.4 MB)     
[2025-05-14T14:13:38.292125] [=                                                 ]   0% (2.5 KB/10.4 MB)     
[2025-05-14T14:13:38.292927] [=                                                 ]   0% (3.4 KB/10.4 MB)     
[2025-05-14T14:13:38.324714] [=                                                 ]   0% (3.5 KB/10.4 MB)     
[2025-05-14T14:13:38.330808] [==                                                ]   3% (265.6 KB/10.4 MB)     
[2025-05-14T14:13:38.335244] [===                                               ]   5% (527.8 KB/10.4 MB)     
[2025-05-14T14:13:38.335666] [====                                              ]   7% (740.8 KB/10.4 MB)     
[2025-05-14T14:13:38.335882] [====                                              ]   7% (740.9 KB/10.4 MB)     
[2025-05-14T14:13:38.336080] [====                                              ]   7% (741.0 KB/10.4 MB)     
[2025-05-14T14:13:38.336235] [====                                              ]   7% (741.1 KB/10.4 MB)     
[2025-05-14T14:13:38.336424] [====                                              ]   7% (741.7 KB/10.4 MB)     
[2025-05-14T14:13:38.336598] [====                                              ]   7% (741.8 KB/10.4 MB)     
[2025-05-14T14:13:38.336770] [====                                              ]   7% (741.9 KB/10.4 MB)     
[2025-05-14T14:13:38.354968] [====                                              ]   7% (742.6 KB/10.4 MB)     
[2025-05-14T14:13:38.362261] [=====                                             ]  10% (1.0 MB/10.4 MB)     
[2025-05-14T14:13:38.365747] [=======                                           ]  12% (1.3 MB/10.4 MB)     
[2025-05-14T14:13:38.366606] [========                                          ]  14% (1.5 MB/10.4 MB)     
[2025-05-14T14:13:38.372667] [========                                          ]  15% (1.5 MB/10.4 MB)     
[2025-05-14T14:13:38.378886] [=========                                         ]  17% (1.8 MB/10.4 MB)     
[2025-05-14T14:13:38.385032] [==========                                        ]  20% (2.0 MB/10.4 MB)     
[2025-05-14T14:13:38.391219] [============                                      ]  22% (2.3 MB/10.4 MB)     
[2025-05-14T14:13:38.397412] [=============                                     ]  25% (2.6 MB/10.4 MB)     
[2025-05-14T14:13:38.403591] [==============                                    ]  27% (2.8 MB/10.4 MB)     
[2025-05-14T14:13:38.410227] [===============                                   ]  30% (3.1 MB/10.4 MB)     
[2025-05-14T14:13:38.415890] [=================                                 ]  32% (3.3 MB/10.4 MB)     
[2025-05-14T14:13:38.422132] [==================                                ]  35% (3.6 MB/10.4 MB)     
[2025-05-14T14:13:38.428302] [===================                               ]  37% (3.9 MB/10.4 MB)     
[2025-05-14T14:13:38.434508] [====================                              ]  40% (4.1 MB/10.4 MB)     
[2025-05-14T14:13:38.439906] [======================                            ]  42% (4.4 MB/10.4 MB)     
[2025-05-14T14:13:38.440417] [=======================                           ]  45% (4.6 MB/10.4 MB)     
[2025-05-14T14:13:38.442139] [=======================                           ]  45% (4.6 MB/10.4 MB)     
[2025-05-14T14:13:38.442364] [=======================                           ]  46% (4.7 MB/10.4 MB)     
[2025-05-14T14:13:38.442562] [=======================                           ]  46% (4.7 MB/10.4 MB)     
[2025-05-14T14:13:38.449821] [=======================                           ]  46% (4.7 MB/10.4 MB)     
[2025-05-14T14:13:38.455972] [=========================                         ]  48% (5.0 MB/10.4 MB)     
[2025-05-14T14:13:38.461688] [==========================                        ]  51% (5.2 MB/10.4 MB)     
[2025-05-14T14:13:38.461760] [===========================                       ]  53% (5.5 MB/10.4 MB)     
[2025-05-14T14:13:38.461765] [===========================                       ]  53% (5.5 MB/10.4 MB)     
[2025-05-14T14:13:38.466883] [===========================                       ]  53% (5.5 MB/10.4 MB)     
[2025-05-14T14:13:38.473038] [============================                      ]  55% (5.7 MB/10.4 MB)     
[2025-05-14T14:13:38.494741] [=============================                     ]  58% (6.0 MB/10.4 MB)     
[2025-05-14T14:13:38.494976] [===============================                   ]  60% (6.2 MB/10.4 MB)     
[2025-05-14T14:13:38.497432] [================================                  ]  63% (6.5 MB/10.4 MB)     
[2025-05-14T14:13:38.501556] [=================================                 ]  65% (6.8 MB/10.4 MB)     
[2025-05-14T14:13:38.508200] [==================================                ]  68% (7.0 MB/10.4 MB)     
[2025-05-14T14:13:38.514616] [====================================              ]  70% (7.3 MB/10.4 MB)     
[2025-05-14T14:13:38.520157] [=====================================             ]  73% (7.6 MB/10.4 MB)     
[2025-05-14T14:13:38.520449] [======================================            ]  75% (7.8 MB/10.4 MB)     
[2025-05-14T14:13:38.520618] [======================================            ]  75% (7.8 MB/10.4 MB)     
[2025-05-14T14:13:38.520769] [======================================            ]  75% (7.8 MB/10.4 MB)     
[2025-05-14T14:13:38.520933] [======================================            ]  75% (7.8 MB/10.4 MB)     
[2025-05-14T14:13:38.521072] [======================================            ]  75% (7.8 MB/10.4 MB)     
[2025-05-14T14:13:38.521679] [======================================            ]  75% (7.8 MB/10.4 MB)     
[2025-05-14T14:13:38.528335] [======================================            ]  76% (7.9 MB/10.4 MB)     
[2025-05-14T14:13:38.533999] [========================================          ]  78% (8.1 MB/10.4 MB)     
[2025-05-14T14:13:38.539447] [=========================================         ]  81% (8.4 MB/10.4 MB)     
[2025-05-14T14:13:38.539707] [==========================================        ]  83% (8.6 MB/10.4 MB)     
[2025-05-14T14:13:38.539865] [==========================================        ]  83% (8.6 MB/10.4 MB)     
[2025-05-14T14:13:38.540] [==========================================        ]  83% (8.6 MB/10.4 MB)     
[2025-05-14T14:13:38.542496] [==========================================        ]  83% (8.6 MB/10.4 MB)     
[2025-05-14T14:13:38.543203] [===========================================       ]  84% (8.7 MB/10.4 MB)     
[2025-05-14T14:13:38.544739] [===========================================       ]  85% (8.8 MB/10.4 MB)     
[2025-05-14T14:13:38.544759] [===========================================       ]  85% (8.8 MB/10.4 MB)     
[2025-05-14T14:13:38.544762] [===========================================       ]  85% (8.8 MB/10.4 MB)     
[2025-05-14T14:13:38.544811] [===========================================       ]  85% (8.8 MB/10.4 MB)     
[2025-05-14T14:13:38.545011] [===========================================       ]  85% (8.8 MB/10.4 MB)     
[2025-05-14T14:13:38.545155] [===========================================       ]  85% (8.8 MB/10.4 MB)     
[2025-05-14T14:13:38.545319] [===========================================       ]  85% (8.8 MB/10.4 MB)     
[2025-05-14T14:13:38.545453] [===========================================       ]  85% (8.8 MB/10.4 MB)     
[2025-05-14T14:13:38.545603] [===========================================       ]  85% (8.8 MB/10.4 MB)     
[2025-05-14T14:13:38.545773] [===========================================       ]  85% (8.8 MB/10.4 MB)     
[2025-05-14T14:13:38.545898] [===========================================       ]  85% (8.8 MB/10.4 MB)     
[2025-05-14T14:13:38.546033] [===========================================       ]  85% (8.8 MB/10.4 MB)     
[2025-05-14T14:13:38.546188] [===========================================       ]  85% (8.8 MB/10.4 MB)     
[2025-05-14T14:13:38.546314] [===========================================       ]  85% (8.8 MB/10.4 MB)     
[2025-05-14T14:13:38.546464] [===========================================       ]  85% (8.8 MB/10.4 MB)     
[2025-05-14T14:13:38.546666] [===========================================       ]  85% (8.8 MB/10.4 MB)     
[2025-05-14T14:13:38.546791] [===========================================       ]  85% (8.8 MB/10.4 MB)     
[2025-05-14T14:13:38.546968] [===========================================       ]  85% (8.8 MB/10.4 MB)     
[2025-05-14T14:13:38.547147] [===========================================       ]  85% (8.8 MB/10.4 MB)     
[2025-05-14T14:13:38.547292] [===========================================       ]  85% (8.8 MB/10.4 MB)     
[2025-05-14T14:13:38.575536] [===========================================       ]  85% (8.8 MB/10.4 MB)     
[2025-05-14T14:13:38.581801] [============================================      ]  88% (9.1 MB/10.4 MB)     
[2025-05-14T14:13:38.586316] [==============================================    ]  90% (9.4 MB/10.4 MB)     
[2025-05-14T14:13:38.586544] [===============================================   ]  92% (9.6 MB/10.4 MB)     
[2025-05-14T14:13:38.586726] [===============================================   ]  92% (9.6 MB/10.4 MB)     
[2025-05-14T14:13:38.586903] [===============================================   ]  92% (9.6 MB/10.4 MB)     
[2025-05-14T14:13:38.587063] [===============================================   ]  92% (9.6 MB/10.4 MB)     
[2025-05-14T14:13:38.587220] [===============================================   ]  92% (9.6 MB/10.4 MB)     
[2025-05-14T14:13:38.587371] [===============================================   ]  92% (9.6 MB/10.4 MB)     
[2025-05-14T14:13:38.587638] [===============================================   ]  92% (9.6 MB/10.4 MB)     
[2025-05-14T14:13:38.587820] [===============================================   ]  92% (9.6 MB/10.4 MB)     
[2025-05-14T14:13:38.588084] [===============================================   ]  92% (9.6 MB/10.4 MB)     
[2025-05-14T14:13:38.611900] [===============================================   ]  93% (9.6 MB/10.4 MB)     
[2025-05-14T14:13:38.618035] [================================================  ]  96% (9.9 MB/10.4 MB)     
[2025-05-14T14:13:38.622376] [==================================================]  98% (10.2 MB/10.4 MB)     
[2025-05-14T14:13:38.622383] [==================================================] 100% (10.4 MB/10.4 MB)     
[2025-05-14T14:13:38.622639] 
[2025-05-14T14:13:38.622643] [==================================================] 100% (10.4 MB/10.4 MB)     
[2025-05-14T14:13:38.622793] 
[2025-05-14T14:13:38.622800] [================================================= ]  98% Finished
[2025-05-14T14:13:38.686406] 
[2025-05-14T14:13:38.686428] [================================================= ]  98% Finished
[2025-05-14T14:13:38.918561] 
[2025-05-14T14:13:38.918586] [================================================= ]  98% Finished
[2025-05-14T14:13:38.930184] 
[2025-05-14T14:13:38.930197] [================================================= ]  98% Finished
[2025-05-14T14:13:38.949654] Moving 128 files
[2025-05-14T14:13:38.960229] 
[2025-05-14T14:13:38.960246] [================================================= ]  98% Finished
[2025-05-14T14:13:38.971743] Moving 128 files
[2025-05-14T14:13:38.982493] 
[2025-05-14T14:13:38.982504] [==================================================]  98% Finished
[2025-05-14T14:13:38.993725] Moving 128 files
[2025-05-14T14:13:39.005149] 
[2025-05-14T14:13:39.005166] [==================================================]  98% Finished
[2025-05-14T14:13:39.016320] Moving 128 files
[2025-05-14T14:13:39.028285] 
[2025-05-14T14:13:39.028299] [==================================================]  98% Finished
[2025-05-14T14:13:39.338270] Moving 128 files
[2025-05-14T14:13:39.338425] 
[2025-05-14T14:13:39.338440] [==================================================]  99% Finished
[2025-05-14T14:13:39.340109] Moving 128 files
[2025-05-14T14:13:39.340125] 
[2025-05-14T14:13:39.340141] [==================================================]  99% Finished
[2025-05-14T14:13:39.340168] Moving 128 files
[2025-05-14T14:13:39.340180] 
[2025-05-14T14:13:39.340193] [==================================================]  99% Finished
[2025-05-14T14:13:39.340212] Moving 128 files
[2025-05-14T14:13:39.340223] 
[2025-05-14T14:13:39.340234] [==================================================]  99% Finished
[2025-05-14T14:13:39.340251] Moving 128 files
[2025-05-14T14:13:39.340261] 
[2025-05-14T14:13:39.340273] [==================================================]  99% Finished
[2025-05-14T14:13:39.340290] Moving 128 files
[2025-05-14T14:13:39.340300] 
[2025-05-14T14:13:39.340311] [==================================================]  99% Finished
[2025-05-14T14:13:39.340330] Moving 128 files
[2025-05-14T14:13:39.340340] 
[2025-05-14T14:13:39.340352] [==================================================]  99% Finished
[2025-05-14T14:13:39.340369] Moving 128 files
[2025-05-14T14:13:39.340379] 
[2025-05-14T14:13:39.340390] [==================================================]  99% Finished
[2025-05-14T14:13:39.340409] Moving 128 files
[2025-05-14T14:13:39.340419] 
[2025-05-14T14:13:39.340430] [==================================================] 100% Finished
[2025-05-14T14:13:39.340711] Moving 128 files
[2025-05-14T14:13:39.340725] 
[2025-05-14T14:13:39.340737] [==================================================] 100% Finished
[2025-05-14T14:13:39.341007] Moving 128 files
[2025-05-14T14:13:39.341021] 
[2025-05-14T14:13:39.341034] [==================================================] 100% Finished
[2025-05-14T14:13:39.341291] Moving 128 files
[2025-05-14T14:13:39.341304] 
[2025-05-14T14:13:39.341317] [==================================================] 100% Finished
[2025-05-14T14:13:39.341553] Moving 70 files
[2025-05-14T14:13:39.341566] 
[2025-05-14T14:13:39.341579] [==================================================] 100% Finished
[2025-05-14T14:13:39.341805] Moving 1 file
[2025-05-14T14:13:39.341818] 
[2025-05-14T14:13:39.341830] [==================================================] 100% Finished
[2025-05-14T14:13:39.341989] Moving 1 file
[2025-05-14T14:13:39.342001] 
[2025-05-14T14:13:39.342014] [==================================================] 100% Finished
[2025-05-14T14:13:39.342178] 
[2025-05-14T14:13:39.342189] [==================================================] 100% Finished
[2025-05-14T14:13:39.342450] Removing 1 file
[2025-05-14T14:13:39.342467] 
[2025-05-14T14:13:39.342480] [==================================================] 100% Finished
[2025-05-14T14:13:39.342635] Removing 1 file
[2025-05-14T14:13:39.342648] 
[2025-05-14T14:13:39.342660] [==================================================] 100% Finished
[2025-05-14T14:13:39.342903] 
[2025-05-14T14:13:39.342918] [==================================================] 100% Finished
[2025-05-14T14:13:39.343061] Sending '00008110-000E785101F2401E/Status.plist' (189 Bytes)
[2025-05-14T14:13:39.343081] Sending '00008110-000E785101F2401E/Manifest.plist' (253.2 KB)
[2025-05-14T14:13:39.343100] Sending '00008110-000E785101F2401E/Manifest.db' (9.1 MB)
[2025-05-14T14:13:40.191418] Received 2124 files from device.
[2025-05-14T14:13:40.191512] Backup Successful.